<?xml version="1.0" encoding="UTF-8"?>
<testng-results ignored="0" total="0" passed="0" failed="0" skipped="0">
  <reporter-output>
  </reporter-output>
  <suite started-at="2023-01-31T11:14:05Z" name="com.assetdigital.qa.framework.ui.PageBaseTest" finished-at="2023-01-31T11:14:05Z" duration-ms="3">
    <groups>
    </groups>
    <test started-at="2023-01-31T11:14:05Z" name="Command line test" finished-at="2023-01-31T11:14:05Z" duration-ms="3">
    </test> <!-- Command line test -->
  </suite> <!-- com.assetdigital.qa.framework.ui.PageBaseTest -->
</testng-results>
